skipped 0 lines with no opening bracket 
skipped 0 multifurcating or invalid trees
skipped 0 trees with less than 4 leaves
200 gene trees remaining

Initial Supertree:  ((50,48),(49,47))
Adding leaf 46	(5/51)
gene_trees: 200
current_gene_trees: 200
finding best sibling
((20,3),(16,(15,9)))
Adding leaf 45	(6/51)
gene_trees: 200
current_gene_trees: 200
finding best sibling
((20,3),(16,((15,9),23)))
Adding leaf 44	(7/51)
gene_trees: 200
current_gene_trees: 200
finding best sibling
((20,3),(16,((15,9),(23,45))))
Adding leaf 43	(8/51)
gene_trees: 200
current_gene_trees: 200
finding best sibling
((3,(20,36)),(16,((15,9),(23,45))))
Adding leaf 42	(9/51)
gene_trees: 200
current_gene_trees: 200
finding best sibling
((3,(20,36)),(16,((15,9),((23,45),42))))
Adding leaf 41	(10/51)
gene_trees: 200
current_gene_trees: 200
finding best sibling
((3,(20,(36,44))),(16,((15,9),((23,45),42))))
Adding leaf 40	(11/51)
gene_trees: 200
current_gene_trees: 200
finding best sibling
((3,(20,((36,44),30))),(16,((15,9),((23,45),42))))
Adding leaf 39	(12/51)
gene_trees: 200
current_gene_trees: 200
finding best sibling
((3,(20,((36,44),(30,27)))),(16,((15,9),((23,45),42))))
Adding leaf 38	(13/51)
gene_trees: 200
current_gene_trees: 200
finding best sibling
((3,((20,((36,44),(30,27))),28)),(16,((15,9),((23,45),42))))
Adding leaf 37	(14/51)
gene_trees: 200
current_gene_trees: 200
finding best sibling
((3,((20,((36,44),(30,27))),28)),(16,((15,9),(((23,45),42),13))))
Adding leaf 36	(15/51)
gene_trees: 200
current_gene_trees: 200
finding best sibling
((3,((20,(((36,44),(30,27)),17)),28)),(16,((15,9),(((23,45),42),13))))
Adding leaf 35	(16/51)
gene_trees: 200
current_gene_trees: 200
finding best sibling
((3,((20,(((36,44),(30,27)),17)),28)),(16,((15,9),(((23,45),42),(13,39)))))
Adding leaf 34	(17/51)
gene_trees: 200
current_gene_trees: 200
finding best sibling
((3,((20,(((36,44),(30,27)),17)),28)),(((15,9),(((23,45),42),(13,39))),(16,38)))
Adding leaf 33	(18/51)
gene_trees: 200
current_gene_trees: 200
finding best sibling
((3,(((((36,44),(30,27)),17),(20,37)),28)),(((15,9),(((23,45),42),(13,39))),(16,38)))
Adding leaf 32	(19/51)
gene_trees: 200
current_gene_trees: 200
finding best sibling
((3,(((((36,44),(30,27)),17),(20,37)),28)),(((15,9),(((23,45),42),(13,39))),(38,(16,26))))
Adding leaf 31	(20/51)
gene_trees: 200
current_gene_trees: 200
finding best sibling
((3,(((((36,44),(30,27)),17),(20,37)),28)),(((15,9),(((23,45),42),(13,39))),(38,(16,(26,48)))))
Adding leaf 30	(21/51)
gene_trees: 200
current_gene_trees: 200
finding best sibling
((3,(((((36,44),(30,27)),17),(20,37)),28)),(((15,9),(((23,45),(42,35)),(13,39))),(38,(16,(26,48)))))
Adding leaf 29	(22/51)
gene_trees: 200
current_gene_trees: 200
finding best sibling
((3,(((((36,44),(30,27)),17),(20,37)),28)),(((15,9),(((23,45),(42,35)),(13,39))),(38,(16,(48,(26,40))))))
Adding leaf 28	(23/51)
gene_trees: 200
current_gene_trees: 200
finding best sibling
((3,(((((36,44),(30,27)),17),(20,37)),28)),(((15,9),(((23,45),(42,35)),(13,39))),(38,(16,(48,(26,(40,50)))))))
Adding leaf 27	(24/51)
gene_trees: 200
current_gene_trees: 200
finding best sibling
((3,(((((36,44),(30,27)),17),(20,37)),28)),(((15,9),(((23,45),(42,35)),(13,39))),(38,(16,(48,(26,(40,(50,22))))))))
Adding leaf 26	(25/51)
gene_trees: 200
current_gene_trees: 200
finding best sibling
((3,(((((36,44),(30,27)),17),(20,37)),28)),(((15,9),(((23,45),(42,35)),(13,39))),(38,(16,(48,(26,(40,(50,(22,24)))))))))
Adding leaf 25	(26/51)
gene_trees: 200
current_gene_trees: 200
finding best sibling
((3,(((((36,44),(30,27)),17),(20,37)),28)),(((((23,45),(42,35)),(13,39)),((15,9),19)),(38,(16,(48,(26,(40,(50,(22,24)))))))))
Adding leaf 24	(27/51)
gene_trees: 200
current_gene_trees: 200
finding best sibling
((3,(((((36,44),(30,27)),17),(20,37)),28)),(((((23,45),(42,35)),(13,39)),((15,9),(19,21))),(38,(16,(48,(26,(40,(50,(22,24)))))))))
Adding leaf 23	(28/51)
gene_trees: 200
current_gene_trees: 200
finding best sibling
((3,(((((36,44),(30,27)),17),(20,37)),28)),(((((23,45),(42,35)),(13,39)),((15,9),(19,(21,41)))),(38,(16,(48,(26,(40,(50,(22,24)))))))))
Adding leaf 22	(29/51)
gene_trees: 200
current_gene_trees: 200
finding best sibling
(((((((36,44),(30,27)),17),(20,37)),28),(3,1)),(((((23,45),(42,35)),(13,39)),((15,9),(19,(21,41)))),(38,(16,(48,(26,(40,(50,(22,24)))))))))
Adding leaf 21	(30/51)
gene_trees: 200
current_gene_trees: 200
finding best sibling
(((((((36,44),(30,27)),17),(20,37)),28),(3,1)),(((((23,45),(42,35)),(13,39)),((9,(15,47)),(19,(21,41)))),(38,(16,(48,(26,(40,(50,(22,24)))))))))
Adding leaf 20	(31/51)
gene_trees: 200
current_gene_trees: 200
finding best sibling
(((((((36,44),(30,27)),17),(20,37)),28),(3,1)),(((((23,45),(42,35)),(13,39)),((9,(15,(47,31))),(19,(21,41)))),(38,(16,(48,(26,(40,(50,(22,24)))))))))
Adding leaf 19	(32/51)
gene_trees: 200
current_gene_trees: 200
finding best sibling
(((((((36,44),(30,27)),17),(20,37)),28),(3,1)),(((((23,45),(42,35)),(13,39)),((9,(15,(47,(31,11)))),(19,(21,41)))),(38,(16,(48,(26,(40,(50,(22,24)))))))))
Adding leaf 18	(33/51)
gene_trees: 200
current_gene_trees: 200
finding best sibling
(((((((36,44),(30,27)),17),(20,37)),28),(3,1)),(((((23,45),(42,35)),(13,39)),((9,((47,(31,11)),(15,4))),(19,(21,41)))),(38,(16,(48,(26,(40,(50,(22,24)))))))))
Adding leaf 17	(34/51)
gene_trees: 200
current_gene_trees: 200
finding best sibling
(((((((36,44),(30,27)),17),(20,37)),28),(3,1)),(((((23,45),(42,35)),(13,39)),((((47,(31,11)),(15,4)),(9,8)),(19,(21,41)))),(38,(16,(48,(26,(40,(50,(22,24)))))))))
Adding leaf 16	(35/51)
gene_trees: 200
current_gene_trees: 200
finding best sibling
(((((((36,44),(30,27)),17),(20,37)),28),(3,1)),(((((23,45),(42,35)),(13,39)),((((47,(31,11)),(15,4)),(9,(8,46))),(19,(21,41)))),(38,(16,(48,(26,(40,(50,(22,24)))))))))
Adding leaf 15	(36/51)
gene_trees: 200
current_gene_trees: 200
finding best sibling
(((((((36,44),(30,27)),17),(20,37)),28),(3,1)),(((((23,45),(42,35)),(13,39)),((((47,(31,11)),(15,4)),(9,((8,46),43))),(19,(21,41)))),(38,(16,(48,(26,(40,(50,(22,24)))))))))
Adding leaf 14	(37/51)
gene_trees: 200
current_gene_trees: 200
finding best sibling
((((((23,45),(42,35)),(13,39)),((((47,(31,11)),(15,4)),(9,((8,46),43))),(19,(21,41)))),(38,(16,(48,(26,(40,(50,(22,24)))))))),(((((((36,44),(30,27)),17),(20,37)),28),(3,1)),2))
Adding leaf 13	(38/51)
gene_trees: 200
current_gene_trees: 200
finding best sibling
((((((23,45),(42,35)),(13,39)),((((47,(31,11)),(15,4)),(9,((8,46),43))),(19,(21,41)))),(38,(16,(48,(26,(40,(50,(22,24)))))))),(((((((36,44),(30,27)),(17,34)),(20,37)),28),(3,1)),2))
Adding leaf 12	(39/51)
gene_trees: 200
current_gene_trees: 200
finding best sibling
((((((23,45),(42,35)),(13,39)),((((47,(31,11)),(15,4)),(((8,46),43),(9,25))),(19,(21,41)))),(38,(16,(48,(26,(40,(50,(22,24)))))))),(((((((36,44),(30,27)),(17,34)),(20,37)),28),(3,1)),2))
Adding leaf 11	(40/51)
gene_trees: 200
current_gene_trees: 200
finding best sibling
(((((((23,45),(42,35)),(13,39)),((((47,(31,11)),(15,4)),(((8,46),43),(9,25))),(19,(21,41)))),(38,(16,(48,(26,(40,(50,(22,24)))))))),(((((((36,44),(30,27)),(17,34)),(20,37)),28),(3,1)),2)),0)
Adding leaf 10	(41/51)
gene_trees: 200
current_gene_trees: 200
finding best sibling
(((((((23,45),(42,35)),(13,39)),((((47,(31,11)),(15,4)),(((8,46),43),(9,25))),(19,(21,41)))),(38,((48,(26,(40,(50,(22,24))))),(16,14)))),(((((((36,44),(30,27)),(17,34)),(20,37)),28),(3,1)),2)),0)
Adding leaf 9	(42/51)
gene_trees: 200
current_gene_trees: 200
finding best sibling
(((((((23,45),(42,35)),(13,39)),((((47,(31,11)),(15,4)),(((8,46),43),(9,25))),(19,(21,41)))),(38,((48,(26,(40,(50,(22,24))))),(16,14)))),(((((((36,44),(30,27)),(17,34)),(20,37)),(28,33)),(3,1)),2)),0)
Adding leaf 8	(43/51)
gene_trees: 200
current_gene_trees: 200
finding best sibling
(((((((23,45),(42,35)),(13,39)),((((47,(31,11)),(15,4)),(((8,46),43),(9,25))),(19,(21,41)))),(38,((48,(26,(40,(50,(22,24))))),(16,14)))),(((((((30,27),((36,44),32)),(17,34)),(20,37)),(28,33)),(3,1)),2)),0)
Adding leaf 7	(44/51)
gene_trees: 200
current_gene_trees: 200
finding best sibling
(((((((23,45),(42,35)),(13,39)),((((47,(31,11)),(15,4)),(((8,46),43),(9,25))),(19,(21,41)))),(38,((48,(26,(40,(50,(22,24))))),(16,14)))),(((((((30,27),((36,44),32)),(17,34)),(20,37)),(28,(33,49))),(3,1)),2)),0)
Adding leaf 6	(45/51)
gene_trees: 200
current_gene_trees: 200
finding best sibling
(((((((23,45),(42,35)),(13,39)),((((47,(31,11)),(15,4)),(((8,46),43),(9,25))),(19,(21,41)))),(38,((48,(26,(40,(50,(22,24))))),(16,14)))),(((((((30,27),((36,44),32)),(17,34)),(20,37)),(28,((33,49),29))),(3,1)),2)),0)
Adding leaf 5	(46/51)
gene_trees: 200
current_gene_trees: 200
finding best sibling
(((((((23,45),(42,35)),(13,39)),((((47,(31,11)),(15,4)),(((8,46),43),(9,25))),(19,(21,41)))),(38,((48,(26,(40,(50,(22,24))))),(16,14)))),(((((((30,27),((36,44),32)),(17,34)),(20,37)),(28,((33,49),(29,6)))),(3,1)),2)),0)
Adding leaf 4	(47/51)
gene_trees: 200
current_gene_trees: 200
finding best sibling
(((((((23,45),(42,35)),(13,39)),((((47,(31,11)),(15,4)),(((8,46),43),(9,25))),(19,(21,41)))),(38,((48,(26,(40,(50,(22,24))))),(16,14)))),(((((((30,27),((36,44),32)),(17,34)),(20,37)),(28,((33,49),(6,(29,18))))),(3,1)),2)),0)
Adding leaf 3	(48/51)
gene_trees: 200
current_gene_trees: 200
finding best sibling
(((((((23,45),(42,35)),(13,39)),((((47,(31,11)),(15,4)),(((8,46),43),(9,25))),(19,(21,41)))),(38,((48,(26,(40,(50,(22,24))))),(16,14)))),(((((((30,27),((36,44),32)),(17,34)),(20,37)),(28,((33,49),((29,18),(6,10))))),(3,1)),2)),0)
Adding leaf 2	(49/51)
gene_trees: 200
current_gene_trees: 200
finding best sibling
(((((((23,45),(42,35)),(13,39)),((((47,(31,11)),(15,4)),(((8,46),43),(9,25))),(19,(21,41)))),(38,((48,(26,(40,(50,(22,24))))),(16,14)))),(((((((30,27),((36,44),32)),(17,34)),(37,(20,7))),(28,((33,49),((29,18),(6,10))))),(3,1)),2)),0)
Adding leaf 1	(50/51)
gene_trees: 200
current_gene_trees: 200
finding best sibling
(((((((23,45),(42,35)),(13,39)),((((47,(31,11)),(15,4)),(((8,46),43),(9,25))),(19,(21,41)))),(38,((48,(26,(40,(50,(22,24))))),(16,14)))),((((((17,34),(((30,27),((36,44),32)),5)),(37,(20,7))),(28,((33,49),((29,18),(6,10))))),(3,1)),2)),0)
Adding leaf 0	(51/51)
gene_trees: 200
current_gene_trees: 200
finding best sibling
((((((((17,34),(((30,27),((36,44),32)),5)),(37,(20,7))),(28,((33,49),((29,18),(6,10))))),(3,1)),2),((((((23,45),(42,35)),(13,39)),((((47,(31,11)),(15,4)),(((8,46),43),(9,25))),(19,(21,41)))),(38,((48,(26,(40,(50,(22,24))))),(16,14)))),12)),0)

Initial Supertree: ((((((((17,34),(((30,27),((36,44),32)),5)),(37,(20,7))),(28,((33,49),((29,18),(6,10))))),(3,1)),2),((((((23,45),(42,35)),(13,39)),((((47,(31,11)),(15,4)),(((8,46),43),(9,25))),(19,(21,41)))),(38,((48,(26,(40,(50,(22,24))))),(16,14)))),12)),0)
Total Distance: 4907
finding bipartition support
1/101