NUM_ITERATIONS=0
skipped 0 lines with no opening bracket 
skipped 0 multifurcating or invalid trees
skipped 0 trees with less than 4 leaves
200 gene trees remaining

Initial Supertree:  ((50,48),(49,47))
Adding leaf 46	(5/51)
gene_trees: 200
current_gene_trees: 200
finding best sibling
((20,3),(16,(15,9)))
Adding leaf 45	(6/51)
gene_trees: 200
current_gene_trees: 200
finding best sibling
((20,3),((15,9),(16,23)))
Adding leaf 44	(7/51)
gene_trees: 200
current_gene_trees: 200
finding best sibling
((20,3),((15,9),(16,(23,45))))
Adding leaf 43	(8/51)
gene_trees: 200
current_gene_trees: 200
finding best sibling
((20,3),(((15,9),(16,(23,45))),36))
Adding leaf 42	(9/51)
gene_trees: 200
current_gene_trees: 200
finding best sibling
((20,3),(((15,9),(16,(23,45))),(36,42)))
Adding leaf 41	(10/51)
gene_trees: 200
current_gene_trees: 200
finding best sibling
((20,3),(((15,9),(16,(23,45))),(42,(36,44))))
Adding leaf 40	(11/51)
gene_trees: 200
current_gene_trees: 200
finding best sibling
((20,3),(((15,9),(16,(23,45))),((36,44),(42,30))))
Adding leaf 39	(12/51)
gene_trees: 200
current_gene_trees: 200
finding best sibling
((20,3),(((15,9),(16,(23,45))),((36,44),(42,(30,27)))))
Adding leaf 38	(13/51)
gene_trees: 200
current_gene_trees: 200
finding best sibling
((((15,9),(16,(23,45))),((36,44),(42,(30,27)))),((20,3),28))
Adding leaf 37	(14/51)
gene_trees: 200
current_gene_trees: 200
finding best sibling
((((15,9),(16,(23,45))),((36,44),(42,(30,27)))),((20,3),(28,13)))
Adding leaf 36	(15/51)
gene_trees: 200
current_gene_trees: 200
finding best sibling
((((15,9),(16,(23,45))),((36,44),((30,27),(42,17)))),((20,3),(28,13)))
Adding leaf 35	(16/51)
gene_trees: 200
current_gene_trees: 200
finding best sibling
((((15,9),(16,(23,45))),((36,44),((30,27),(42,17)))),((20,3),(28,(13,39))))
Adding leaf 34	(17/51)
gene_trees: 200
current_gene_trees: 200
finding best sibling
((((15,9),(16,(23,45))),((36,44),((30,27),(42,17)))),((20,3),(28,((13,39),38))))
Adding leaf 33	(18/51)
gene_trees: 200
current_gene_trees: 200
finding best sibling
((((15,9),(16,(23,45))),((36,44),((30,27),(42,17)))),((20,3),(28,(38,((13,39),37)))))
Adding leaf 32	(19/51)
gene_trees: 200
current_gene_trees: 200
finding best sibling
((((15,9),((23,45),(16,26))),((36,44),((30,27),(42,17)))),((20,3),(28,(38,((13,39),37)))))
Adding leaf 31	(20/51)
gene_trees: 200
current_gene_trees: 200
finding best sibling
((((15,9),((23,45),(16,26))),((36,44),((30,27),(42,17)))),((20,3),(28,(38,((13,39),(37,48))))))
Adding leaf 30	(21/51)
gene_trees: 200
current_gene_trees: 200
finding best sibling
((((15,9),((23,45),(16,26))),((36,44),((30,27),(42,17)))),((20,3),(28,(38,((13,39),(37,(48,35)))))))
Adding leaf 29	(22/51)
gene_trees: 200
current_gene_trees: 200
finding best sibling
((((15,9),((23,45),(16,26))),((36,44),((30,27),(42,17)))),((20,3),(28,(38,((13,39),((48,35),(37,40)))))))
Adding leaf 28	(23/51)
gene_trees: 200
current_gene_trees: 200
finding best sibling
((((15,9),((23,45),(16,26))),((36,44),((30,27),(42,17)))),((20,3),(28,(38,((13,39),((48,35),(37,(40,50))))))))
Adding leaf 27	(24/51)
gene_trees: 200
current_gene_trees: 200
finding best sibling
((((15,9),((23,45),(16,26))),((36,44),((30,27),(42,17)))),((20,3),(28,(((13,39),((48,35),(37,(40,50)))),(38,22)))))
Adding leaf 26	(25/51)
gene_trees: 200
current_gene_trees: 200
finding best sibling
((((15,9),((23,45),(16,26))),((36,44),((30,27),(42,17)))),((20,3),(28,(((13,39),((48,35),(37,((40,50),24)))),(38,22)))))
Adding leaf 25	(26/51)
gene_trees: 200
current_gene_trees: 200
finding best sibling
((((15,9),((23,45),(16,26))),((36,44),((30,27),(42,17)))),((20,3),(28,(((13,39),((48,35),(37,((40,50),24)))),(38,(22,19))))))
Adding leaf 24	(27/51)
gene_trees: 200
current_gene_trees: 200
finding best sibling
((((15,9),((23,45),(16,26))),((36,44),((30,27),(42,17)))),((20,3),(28,(((13,39),((48,35),(37,((40,50),24)))),(38,(22,(19,21)))))))
Adding leaf 23	(28/51)
gene_trees: 200
current_gene_trees: 200
finding best sibling
((((15,9),((23,45),(16,26))),((36,44),((30,27),(42,17)))),((20,3),(28,(((13,39),((48,35),(37,((40,50),24)))),(38,((19,21),(22,41)))))))
Adding leaf 22	(29/51)
gene_trees: 200
current_gene_trees: 200
finding best sibling
((((15,9),((23,45),(16,26))),((36,44),((30,27),(42,17)))),((20,(3,1)),(28,(((13,39),((48,35),(37,((40,50),24)))),(38,((19,21),(22,41)))))))
Adding leaf 21	(30/51)
gene_trees: 200
current_gene_trees: 200
finding best sibling
((((9,(15,47)),((23,45),(16,26))),((36,44),((30,27),(42,17)))),((20,(3,1)),(28,(((13,39),((48,35),(37,((40,50),24)))),(38,((19,21),(22,41)))))))
Adding leaf 20	(31/51)
gene_trees: 200
current_gene_trees: 200
finding best sibling
((((9,(15,(47,31))),((23,45),(16,26))),((36,44),((30,27),(42,17)))),((20,(3,1)),(28,(((13,39),((48,35),(37,((40,50),24)))),(38,((19,21),(22,41)))))))
Adding leaf 19	(32/51)
gene_trees: 200
current_gene_trees: 200
finding best sibling
((((9,(15,(47,(31,11)))),((23,45),(16,26))),((36,44),((30,27),(42,17)))),((20,(3,1)),(28,(((13,39),((48,35),(37,((40,50),24)))),(38,((19,21),(22,41)))))))
Adding leaf 18	(33/51)
gene_trees: 200
current_gene_trees: 200
finding best sibling
((((9,(15,(47,(31,11)))),((23,45),(16,26))),((36,44),((30,27),(42,17)))),((20,(3,1)),(28,(((13,39),((48,35),(37,((40,50),24)))),(((19,21),(22,41)),(38,4))))))
Adding leaf 17	(34/51)
gene_trees: 200
current_gene_trees: 200
finding best sibling
(((((15,(47,(31,11))),(9,8)),((23,45),(16,26))),((36,44),((30,27),(42,17)))),((20,(3,1)),(28,(((13,39),((48,35),(37,((40,50),24)))),(((19,21),(22,41)),(38,4))))))
Adding leaf 16	(35/51)
gene_trees: 200
current_gene_trees: 200
finding best sibling
(((((15,(47,(31,11))),(9,(8,46))),((23,45),(16,26))),((36,44),((30,27),(42,17)))),((20,(3,1)),(28,(((13,39),((48,35),(37,((40,50),24)))),(((19,21),(22,41)),(38,4))))))
Adding leaf 15	(36/51)
gene_trees: 200
current_gene_trees: 200
finding best sibling
(((((15,(47,(31,11))),(9,(8,46))),((23,45),(16,26))),((36,44),((30,27),(42,17)))),((20,(3,1)),(28,(((13,39),((48,35),(37,((40,50),(24,43))))),(((19,21),(22,41)),(38,4))))))
Adding leaf 14	(37/51)
gene_trees: 200
current_gene_trees: 200
finding best sibling
(((((15,(47,(31,11))),(9,(8,46))),((23,45),(16,26))),(((36,44),((30,27),(42,17))),2)),((20,(3,1)),(28,(((13,39),((48,35),(37,((40,50),(24,43))))),(((19,21),(22,41)),(38,4))))))
Adding leaf 13	(38/51)
gene_trees: 200
current_gene_trees: 200
finding best sibling
(((((15,(47,(31,11))),(9,(8,46))),((23,45),(16,26))),(((36,44),((30,27),(42,17))),2)),((20,(3,1)),(28,((((13,39),((48,35),(37,((40,50),(24,43))))),(((19,21),(22,41)),(38,4))),34))))
Adding leaf 12	(39/51)
gene_trees: 200
current_gene_trees: 200
finding best sibling
(((((15,(47,(31,11))),(9,(8,46))),((23,45),(16,26))),(((36,44),((30,27),(42,17))),2)),((20,(3,1)),(28,((((13,39),((48,35),(37,((40,50),(24,(43,25)))))),(((19,21),(22,41)),(38,4))),34))))
Adding leaf 11	(40/51)
gene_trees: 200
current_gene_trees: 200
finding best sibling
(((((15,(47,(31,11))),(9,(8,46))),((23,45),(16,26))),(((36,44),((30,27),(42,17))),2)),(((3,1),(20,0)),(28,((((13,39),((48,35),(37,((40,50),(24,(43,25)))))),(((19,21),(22,41)),(38,4))),34))))
Adding leaf 10	(41/51)
gene_trees: 200
current_gene_trees: 200
finding best sibling
(((((15,(47,(31,11))),(9,(8,46))),((23,45),(16,26))),(((36,44),((30,27),(42,17))),2)),(((3,1),(20,0)),(28,((((13,39),((48,35),(((40,50),(24,(43,25))),(37,14)))),(((19,21),(22,41)),(38,4))),34))))
Adding leaf 9	(42/51)
gene_trees: 200
current_gene_trees: 200
finding best sibling
(((((15,(47,(31,11))),(9,(8,46))),((23,45),(16,26))),(((36,44),((30,27),(42,17))),2)),(((3,1),(20,0)),(28,((((13,39),((48,(35,33)),(((40,50),(24,(43,25))),(37,14)))),(((19,21),(22,41)),(38,4))),34))))
Adding leaf 8	(43/51)
gene_trees: 200
current_gene_trees: 200
finding best sibling
(((((15,(47,(31,11))),(9,(8,46))),((23,45),(16,26))),(((36,44),((30,27),(42,17))),2)),(((3,1),(20,0)),(28,((((13,39),(((35,33),(48,32)),(((40,50),(24,(43,25))),(37,14)))),(((19,21),(22,41)),(38,4))),34))))
Adding leaf 7	(44/51)
gene_trees: 200
current_gene_trees: 200
finding best sibling
(((((15,(47,(31,11))),(9,(8,46))),((23,45),(16,26))),(((36,44),((30,27),(42,17))),2)),(((3,1),(20,0)),(28,((((13,39),(((35,(33,49)),(48,32)),(((40,50),(24,(43,25))),(37,14)))),(((19,21),(22,41)),(38,4))),34))))
Adding leaf 6	(45/51)
gene_trees: 200
current_gene_trees: 200
finding best sibling
(((((15,(47,(31,11))),(9,(8,46))),((23,45),(16,26))),(((36,44),((30,27),(42,17))),2)),(((3,1),(20,0)),(28,((((13,39),(((35,(33,49)),(48,(32,29))),(((40,50),(24,(43,25))),(37,14)))),(((19,21),(22,41)),(38,4))),34))))
Adding leaf 5	(46/51)
gene_trees: 200
current_gene_trees: 200
finding best sibling
(((((15,(47,(31,11))),(9,(8,46))),((23,45),(16,26))),(((36,44),((30,27),(42,17))),2)),(((3,1),(20,0)),(28,((((13,39),(((35,(33,49)),(48,(32,(29,6)))),(((40,50),(24,(43,25))),(37,14)))),(((19,21),(22,41)),(38,4))),34))))
Adding leaf 4	(47/51)
gene_trees: 200
current_gene_trees: 200
finding best sibling
(((((15,(47,(31,11))),(9,(8,46))),((23,45),(16,26))),(((36,44),((30,27),(42,17))),2)),(((3,1),(20,0)),(28,((((13,39),(((35,(33,49)),(48,((29,6),(32,18)))),(((40,50),(24,(43,25))),(37,14)))),(((19,21),(22,41)),(38,4))),34))))
Adding leaf 3	(48/51)
gene_trees: 200
current_gene_trees: 200
finding best sibling
(((((15,(47,(31,11))),(9,(8,46))),((23,45),(16,26))),(((36,44),((30,27),(42,17))),2)),(((3,1),(20,0)),(28,((((13,39),(((35,(33,49)),(48,((29,(6,10)),(32,18)))),(((40,50),(24,(43,25))),(37,14)))),(((19,21),(22,41)),(38,4))),34))))
Adding leaf 2	(49/51)
gene_trees: 200
current_gene_trees: 200
finding best sibling
(((((15,(47,(31,11))),(9,(8,46))),((23,45),(16,26))),(((36,44),((30,27),(42,17))),2)),(((3,1),(0,(20,7))),(28,((((13,39),(((35,(33,49)),(48,((29,(6,10)),(32,18)))),(((40,50),(24,(43,25))),(37,14)))),(((19,21),(22,41)),(38,4))),34))))
Adding leaf 1	(50/51)
gene_trees: 200
current_gene_trees: 200
finding best sibling
(((((15,(47,(31,11))),(9,(8,46))),((23,45),(16,26))),(((36,44),((30,27),(42,17))),2)),(((3,1),(0,(20,7))),(28,((((13,39),((((33,49),(35,5)),(48,((29,(6,10)),(32,18)))),(((40,50),(24,(43,25))),(37,14)))),(((19,21),(22,41)),(38,4))),34))))
Adding leaf 0	(51/51)
gene_trees: 200
current_gene_trees: 200
finding best sibling
(((((15,(47,(31,11))),(9,(8,46))),((23,45),(16,26))),(((36,44),((30,27),(42,17))),2)),(((3,1),(0,(20,7))),(28,((((13,39),((((33,49),(35,5)),(48,((29,(6,10)),(32,18)))),(((40,50),(24,(25,(43,12)))),(37,14)))),(((19,21),(22,41)),(38,4))),34))))

Initial Supertree: (((((15,(47,(31,11))),(9,(8,46))),((23,45),(16,26))),(((36,44),((30,27),(42,17))),2)),(((3,1),(0,(20,7))),(28,((((13,39),((((33,49),(35,5)),(48,((29,(6,10)),(32,18)))),(((40,50),(24,(25,(43,12)))),(37,14)))),(((19,21),(22,41)),(38,4))),34))))
Total Distance: 2912
Final Supertree: (((((15,(47,(31,11))),(9,(8,46))),((23,45),(16,26))),(((36,44),((30,27),(42,17))),2)),(((3,1),(0,(20,7))),(28,((((13,39),((((33,49),(35,5)),(48,((29,(6,10)),(32,18)))),(((40,50),(24,(25,(43,12)))),(37,14)))),(((19,21),(22,41)),(38,4))),34))))
Final Distance: 2912
