skipped 0 lines with no opening bracket 
skipped 0 multifurcating or invalid trees
skipped 0 trees with less than 4 leaves
200 gene trees remaining

Initial Supertree:  ((50,48),(49,47))
Adding leaf 46	(5/51)
gene_trees: 200
current_gene_trees: 200
finding best sibling
((20,3),(16,(15,9)))
Adding leaf 45	(6/51)
gene_trees: 200
current_gene_trees: 200
finding best sibling
((20,3),(16,((15,9),23)))
Adding leaf 44	(7/51)
gene_trees: 200
current_gene_trees: 200
finding best sibling
((20,3),(16,((15,9),(23,45))))
Adding leaf 43	(8/51)
gene_trees: 200
current_gene_trees: 200
finding best sibling
((3,(20,36)),(16,((15,9),(23,45))))
Adding leaf 42	(9/51)
gene_trees: 200
current_gene_trees: 200
finding best sibling
((3,(20,36)),(16,((15,9),((23,45),42))))
Adding leaf 41	(10/51)
gene_trees: 200
current_gene_trees: 200
finding best sibling
((3,(20,(36,44))),(16,((15,9),((23,45),42))))
Adding leaf 40	(11/51)
gene_trees: 200
current_gene_trees: 200
finding best sibling
((3,(20,((36,44),30))),(16,((15,9),((23,45),42))))
Adding leaf 39	(12/51)
gene_trees: 200
current_gene_trees: 200
finding best sibling
((3,(20,((36,44),(30,27)))),(16,((15,9),((23,45),42))))
Adding leaf 38	(13/51)
gene_trees: 200
current_gene_trees: 200
finding best sibling
((3,((20,((36,44),(30,27))),28)),(16,((15,9),((23,45),42))))
Adding leaf 37	(14/51)
gene_trees: 200
current_gene_trees: 200
finding best sibling
((3,((20,((36,44),(30,27))),28)),(16,((15,9),(((23,45),42),13))))
Adding leaf 36	(15/51)
gene_trees: 200
current_gene_trees: 200
finding best sibling
((3,((20,(((36,44),(30,27)),17)),28)),(16,((15,9),(((23,45),42),13))))
Adding leaf 35	(16/51)
gene_trees: 200
current_gene_trees: 200
finding best sibling
((3,((20,(((36,44),(30,27)),17)),28)),(16,((15,9),(((23,45),42),(13,39)))))
Adding leaf 34	(17/51)
gene_trees: 200
current_gene_trees: 200
finding best sibling
((3,((20,(((36,44),(30,27)),17)),28)),(((15,9),(((23,45),42),(13,39))),(16,38)))
Adding leaf 33	(18/51)
gene_trees: 200
current_gene_trees: 200
finding best sibling
((3,(((((36,44),(30,27)),17),(20,37)),28)),(((15,9),(((23,45),42),(13,39))),(16,38)))
Adding leaf 32	(19/51)
gene_trees: 200
current_gene_trees: 200
finding best sibling
