skipped 0 lines with no opening bracket 
skipped 0 multifurcating or invalid trees
skipped 0 trees with less than 4 leaves
200 gene trees remaining

Initial Supertree:  ((50,48),(49,47))
Adding leaf 46	(5/51)
gene_trees: 200
current_gene_trees: 200
finding best sibling
((20,3),(16,(15,9)))
Adding leaf 45	(6/51)
gene_trees: 200
current_gene_trees: 200
finding best sibling
((20,3),(16,((15,9),23)))
Adding leaf 44	(7/51)
gene_trees: 200
current_gene_trees: 200
finding best sibling
((20,3),(16,((15,9),(23,45))))
Adding leaf 43	(8/51)
gene_trees: 200
current_gene_trees: 200
finding best sibling
((16,((15,9),(23,45))),((20,3),36))
Adding leaf 42	(9/51)
gene_trees: 200
current_gene_trees: 200
finding best sibling
((16,((15,9),((23,45),42))),((20,3),36))
Adding leaf 41	(10/51)
gene_trees: 200
current_gene_trees: 200
finding best sibling
((16,((15,9),((23,45),42))),((20,3),(36,44)))
Adding leaf 40	(11/51)
gene_trees: 200
current_gene_trees: 200
finding best sibling
((16,((15,9),((23,45),42))),((20,3),((36,44),30)))
Adding leaf 39	(12/51)
gene_trees: 200
current_gene_trees: 200
finding best sibling
((16,((15,9),((23,45),42))),((20,3),((36,44),(30,27))))
Adding leaf 38	(13/51)
gene_trees: 200
current_gene_trees: 200
finding best sibling
((16,((15,9),((23,45),42))),(((20,3),((36,44),(30,27))),28))
Adding leaf 37	(14/51)
gene_trees: 200
current_gene_trees: 200
finding best sibling
((16,((15,9),(((23,45),42),13))),(((20,3),((36,44),(30,27))),28))
Adding leaf 36	(15/51)
gene_trees: 200
current_gene_trees: 200
finding best sibling
((16,((15,9),(((23,45),42),13))),(((20,3),((36,44),((30,27),17))),28))
Adding leaf 35	(16/51)
gene_trees: 200
current_gene_trees: 200
finding best sibling
((16,((15,9),(((23,45),42),(13,39)))),(((20,3),((36,44),((30,27),17))),28))
Adding leaf 34	(17/51)
gene_trees: 200
current_gene_trees: 200
finding best sibling
((((15,9),(((23,45),42),(13,39))),(16,38)),(((20,3),((36,44),((30,27),17))),28))
Adding leaf 33	(18/51)
gene_trees: 200
current_gene_trees: 200
finding best sibling
((((15,9),(((23,45),42),(13,39))),(16,38)),(((3,(20,37)),((36,44),((30,27),17))),28))
Adding leaf 32	(19/51)
gene_trees: 200
current_gene_trees: 200
finding best sibling
((((15,9),(((23,45),42),(13,39))),(38,(16,26))),(((3,(20,37)),((36,44),((30,27),17))),28))
Adding leaf 31	(20/51)
gene_trees: 200
current_gene_trees: 200
finding best sibling
((((15,9),(((23,45),42),(13,39))),(38,(16,(26,48)))),(((3,(20,37)),((36,44),((30,27),17))),28))
Adding leaf 30	(21/51)
gene_trees: 200
current_gene_trees: 200
finding best sibling
((((15,9),((42,((23,45),35)),(13,39))),(38,(16,(26,48)))),(((3,(20,37)),((36,44),((30,27),17))),28))
Adding leaf 29	(22/51)
gene_trees: 200
current_gene_trees: 200
finding best sibling
((((15,9),((42,((23,45),35)),(13,39))),(38,(16,(48,(26,40))))),(((3,(20,37)),((36,44),((30,27),17))),28))
Adding leaf 28	(23/51)
gene_trees: 200
current_gene_trees: 200
finding best sibling
((((15,9),((42,((23,45),35)),(13,39))),(38,(16,(48,(26,(40,50)))))),(((3,(20,37)),((36,44),((30,27),17))),28))
Adding leaf 27	(24/51)
gene_trees: 200
current_gene_trees: 200
finding best sibling
((((15,9),((42,((23,45),35)),(13,39))),(38,(16,(48,(26,(40,(50,22))))))),(((3,(20,37)),((36,44),((30,27),17))),28))
Adding leaf 26	(25/51)
gene_trees: 200
current_gene_trees: 200
finding best sibling
((((15,9),((42,((23,45),35)),(13,39))),(38,(16,(48,(26,(40,(50,(22,24)))))))),(((3,(20,37)),((36,44),((30,27),17))),28))
Adding leaf 25	(26/51)
gene_trees: 200
current_gene_trees: 200
finding best sibling
(((38,(16,(48,(26,(40,(50,(22,24))))))),(((15,9),((42,((23,45),35)),(13,39))),19)),(((3,(20,37)),((36,44),((30,27),17))),28))
Adding leaf 24	(27/51)
gene_trees: 200
current_gene_trees: 200
finding best sibling
(((38,(16,(48,(26,(40,(50,(22,24))))))),(((15,9),((42,((23,45),35)),(13,39))),(19,21))),(((3,(20,37)),((36,44),((30,27),17))),28))
Adding leaf 23	(28/51)
gene_trees: 200
current_gene_trees: 200
finding best sibling
(((38,(16,(48,(26,(40,(50,(22,24))))))),(((15,9),((42,((23,45),35)),(13,39))),(19,(21,41)))),(((3,(20,37)),((36,44),((30,27),17))),28))
Adding leaf 22	(29/51)
gene_trees: 200
current_gene_trees: 200
finding best sibling
(((38,(16,(48,(26,(40,(50,(22,24))))))),(((15,9),((42,((23,45),35)),(13,39))),(19,(21,41)))),((((20,37),(3,1)),((36,44),((30,27),17))),28))
Adding leaf 21	(30/51)
gene_trees: 200
current_gene_trees: 200
finding best sibling
(((38,(16,(48,(26,(40,(50,(22,24))))))),(((9,(15,47)),((42,((23,45),35)),(13,39))),(19,(21,41)))),((((20,37),(3,1)),((36,44),((30,27),17))),28))
Adding leaf 20	(31/51)
gene_trees: 200
current_gene_trees: 200
finding best sibling
(((38,(16,(48,(26,(40,(50,(22,24))))))),(((9,(15,(47,31))),((42,((23,45),35)),(13,39))),(19,(21,41)))),((((20,37),(3,1)),((36,44),((30,27),17))),28))
Adding leaf 19	(32/51)
gene_trees: 200
current_gene_trees: 200
finding best sibling
(((38,(16,(48,(26,(40,(50,(22,24))))))),(((9,(15,(47,(31,11)))),((42,((23,45),35)),(13,39))),(19,(21,41)))),((((20,37),(3,1)),((36,44),((30,27),17))),28))
Adding leaf 18	(33/51)
gene_trees: 200
current_gene_trees: 200
finding best sibling
