NUM_ITERATIONS=1
skipped 0 lines with no opening bracket 
skipped 0 multifurcating or invalid trees
skipped 0 trees with less than 4 leaves
1000 gene trees remaining

Initial Supertree:  ((50,49),(48,47))
Adding leaf 46	(5/51)
gene_trees: 1000
current_gene_trees: 1000
finding best sibling
((20,16),(3,(15,9)))
Adding leaf 45	(6/51)
gene_trees: 1000
current_gene_trees: 1000
finding best sibling
((20,16),((15,9),(3,23)))
Adding leaf 44	(7/51)
gene_trees: 1000
current_gene_trees: 1000
finding best sibling
((20,16),((15,9),(3,(23,45))))
Adding leaf 43	(8/51)
gene_trees: 1000
current_gene_trees: 1000
finding best sibling
((16,(20,36)),((15,9),(3,(23,45))))
Adding leaf 42	(9/51)
gene_trees: 1000
current_gene_trees: 1000
finding best sibling
((16,(20,36)),((15,9),((23,45),(3,42))))
Adding leaf 41	(10/51)
gene_trees: 1000
current_gene_trees: 1000
finding best sibling
((16,(20,(36,44))),((15,9),((23,45),(3,42))))
Adding leaf 40	(11/51)
gene_trees: 1000
current_gene_trees: 1000
finding best sibling
((16,(20,((36,44),30))),((15,9),((23,45),(3,42))))
Adding leaf 39	(12/51)
gene_trees: 1000
current_gene_trees: 1000
finding best sibling
((16,(20,((36,44),(30,27)))),((15,9),((23,45),(3,42))))
Adding leaf 38	(13/51)
gene_trees: 1000
current_gene_trees: 1000
finding best sibling
(((20,((36,44),(30,27))),(16,28)),((15,9),((23,45),(3,42))))
Adding leaf 37	(14/51)
gene_trees: 1000
current_gene_trees: 1000
finding best sibling
(((20,((36,44),(30,27))),(16,28)),((15,9),(((23,45),(3,42)),13)))
Adding leaf 36	(15/51)
gene_trees: 1000
current_gene_trees: 1000
finding best sibling
(((20,((36,44),(30,27))),(16,28)),((15,9),(((23,45),(3,42)),(13,17))))
Adding leaf 35	(16/51)
gene_trees: 1000
current_gene_trees: 1000
finding best sibling
(((20,((36,44),(30,27))),(16,28)),((15,9),(((23,45),(3,42)),(17,(13,39)))))
Adding leaf 34	(17/51)
gene_trees: 1000
current_gene_trees: 1000
finding best sibling
(((20,((36,44),(30,27))),(16,28)),((15,9),(((23,45),(3,42)),((13,39),(17,38)))))
Adding leaf 33	(18/51)
gene_trees: 1000
current_gene_trees: 1000
finding best sibling
(((((36,44),(30,27)),(20,37)),(16,28)),((15,9),(((23,45),(3,42)),((13,39),(17,38)))))
Adding leaf 32	(19/51)
gene_trees: 1000
current_gene_trees: 1000
finding best sibling
(((((36,44),(30,27)),(20,37)),(28,(16,26))),((15,9),(((23,45),(3,42)),((13,39),(17,38)))))
Adding leaf 31	(20/51)
gene_trees: 1000
current_gene_trees: 1000
finding best sibling
(((((36,44),(30,27)),(20,37)),(28,(16,26))),((15,9),(((23,45),(3,(42,48))),((13,39),(17,38)))))
Adding leaf 30	(21/51)
gene_trees: 1000
current_gene_trees: 1000
finding best sibling
(((((36,44),(30,27)),(20,37)),(28,(16,26))),((15,9),(((23,45),(3,(48,(42,35)))),((13,39),(17,38)))))
Adding leaf 29	(22/51)
gene_trees: 1000
current_gene_trees: 1000
finding best sibling
(((((36,44),(30,27)),(20,37)),(28,(16,(26,40)))),((15,9),(((23,45),(3,(48,(42,35)))),((13,39),(17,38)))))
Adding leaf 28	(23/51)
gene_trees: 1000
current_gene_trees: 1000
finding best sibling
(((((36,44),(30,27)),(20,37)),(28,(16,(26,(40,50))))),((15,9),(((23,45),(3,(48,(42,35)))),((13,39),(17,38)))))
Adding leaf 27	(24/51)
gene_trees: 1000
current_gene_trees: 1000
finding best sibling
(((((36,44),(30,27)),(20,37)),(28,(16,(26,(40,50))))),((15,9),(((23,45),(3,((42,35),(48,22)))),((13,39),(17,38)))))
Adding leaf 26	(25/51)
gene_trees: 1000
current_gene_trees: 1000
finding best sibling
(((((36,44),(30,27)),(20,37)),(28,(16,(26,(40,50))))),((15,9),(((23,45),(3,((42,35),(48,(22,24))))),((13,39),(17,38)))))
Adding leaf 25	(26/51)
gene_trees: 1000
current_gene_trees: 1000
finding best sibling
(((((36,44),(30,27)),(20,37)),(28,(16,(26,(40,50))))),((15,9),(((23,45),((3,((42,35),(48,(22,24)))),19)),((13,39),(17,38)))))
Adding leaf 24	(27/51)
gene_trees: 1000
current_gene_trees: 1000
finding best sibling
(((((36,44),(30,27)),(20,37)),(28,(16,(26,(40,50))))),((15,9),(((23,45),((3,((42,35),(48,(22,24)))),(19,21))),((13,39),(17,38)))))
Adding leaf 23	(28/51)
gene_trees: 1000
current_gene_trees: 1000
finding best sibling
(((((36,44),(30,27)),(20,37)),(28,(16,(26,(40,50))))),((15,9),(((23,45),((3,((42,35),(48,(22,24)))),(19,21))),((13,39),(38,(17,41))))))
Adding leaf 22	(29/51)
gene_trees: 1000
current_gene_trees: 1000
finding best sibling
(((((36,44),(30,27)),(20,37)),(28,(16,(26,(40,50))))),((15,9),(((23,45),((((42,35),(48,(22,24))),(3,1)),(19,21))),((13,39),(38,(17,41))))))
Adding leaf 21	(30/51)
gene_trees: 1000
current_gene_trees: 1000
finding best sibling
(((((36,44),(30,27)),(20,37)),(28,(16,(26,(40,50))))),((15,9),(((23,45),((((42,35),(48,(22,24))),(3,1)),(19,21))),((13,39),(38,(17,(41,47)))))))
Adding leaf 20	(31/51)
gene_trees: 1000
current_gene_trees: 1000
finding best sibling
(((((36,44),(30,27)),(20,37)),(28,(16,(26,(40,50))))),((15,9),(((23,45),((((42,35),(48,(22,24))),(3,1)),(19,21))),((13,39),(38,(17,(41,(47,31))))))))
Adding leaf 19	(32/51)
gene_trees: 1000
current_gene_trees: 1000
finding best sibling
(((((36,44),(30,27)),(20,37)),(28,(16,(26,(40,50))))),((15,9),(((23,45),((((42,35),(48,(22,24))),(3,1)),(19,21))),((13,39),(38,(17,(41,(47,(31,11)))))))))
Adding leaf 18	(33/51)
gene_trees: 1000
current_gene_trees: 1000
finding best sibling
(((((36,44),(30,27)),(20,37)),(28,(16,(26,(40,50))))),((9,(15,4)),(((23,45),((((42,35),(48,(22,24))),(3,1)),(19,21))),((13,39),(38,(17,(41,(47,(31,11)))))))))
Adding leaf 17	(34/51)
gene_trees: 1000
current_gene_trees: 1000
finding best sibling
(((((36,44),(30,27)),(20,37)),(28,(16,(26,(40,50))))),(((15,4),(9,8)),(((23,45),((((42,35),(48,(22,24))),(3,1)),(19,21))),((13,39),(38,(17,(41,(47,(31,11)))))))))
Adding leaf 16	(35/51)
gene_trees: 1000
current_gene_trees: 1000
finding best sibling
(((((36,44),(30,27)),(20,37)),(28,(16,(26,(40,50))))),(((15,4),(9,(8,46))),(((23,45),((((42,35),(48,(22,24))),(3,1)),(19,21))),((13,39),(38,(17,(41,(47,(31,11)))))))))
Adding leaf 15	(36/51)
gene_trees: 1000
current_gene_trees: 1000
finding best sibling
(((((36,44),(30,27)),(20,37)),(28,(16,(26,(40,50))))),(((15,4),(9,(8,46))),(((23,45),((((42,35),(48,((22,24),43))),(3,1)),(19,21))),((13,39),(38,(17,(41,(47,(31,11)))))))))
Adding leaf 14	(37/51)
gene_trees: 1000
current_gene_trees: 1000
finding best sibling
(((((36,44),(30,27)),(20,37)),((16,(26,(40,50))),(28,2))),(((15,4),(9,(8,46))),(((23,45),((((42,35),(48,((22,24),43))),(3,1)),(19,21))),((13,39),(38,(17,(41,(47,(31,11)))))))))
Adding leaf 13	(38/51)
gene_trees: 1000
current_gene_trees: 1000
finding best sibling
(((((36,44),(30,27)),(20,37)),((16,(26,(40,50))),(28,2))),(((15,4),(9,(8,46))),(((23,45),((((42,35),(48,((22,24),43))),(3,1)),(19,21))),((13,39),(38,((41,(47,(31,11))),(17,34)))))))
Adding leaf 12	(39/51)
gene_trees: 1000
current_gene_trees: 1000
finding best sibling
(((((36,44),(30,27)),(20,37)),((16,(26,(40,50))),(28,2))),(((15,4),(9,(8,46))),(((23,45),((((42,35),(48,((22,24),43))),(3,1)),(19,21))),((13,39),(38,(((47,(31,11)),(41,25)),(17,34)))))))
Adding leaf 11	(40/51)
gene_trees: 1000
current_gene_trees: 1000
finding best sibling
(((((36,44),(30,27)),(20,37)),(((16,(26,(40,50))),(28,2)),0)),(((15,4),(9,(8,46))),(((23,45),((((42,35),(48,((22,24),43))),(3,1)),(19,21))),((13,39),(38,(((47,(31,11)),(41,25)),(17,34)))))))
Adding leaf 10	(41/51)
gene_trees: 1000
current_gene_trees: 1000
finding best sibling
(((((36,44),(30,27)),(20,37)),(((16,(26,(40,50))),(28,2)),0)),(((15,4),(9,(8,46))),(((23,45),((((42,35),(48,((22,24),43))),(3,1)),(19,21))),((13,39),(38,((((31,11),(47,14)),(41,25)),(17,34)))))))
Adding leaf 9	(42/51)
gene_trees: 1000
current_gene_trees: 1000
finding best sibling
(((((36,44),(30,27)),(20,37)),(((16,(26,(40,50))),(28,2)),0)),(((15,4),(9,(8,46))),(((23,45),((((42,35),(48,((22,24),43))),(3,1)),(19,21))),((13,39),(((((31,11),(47,14)),(41,25)),(17,34)),(38,33))))))
Adding leaf 8	(43/51)
gene_trees: 1000
current_gene_trees: 1000
finding best sibling
(((((36,44),(30,27)),(20,37)),(((16,(26,(40,50))),(28,2)),0)),(((15,4),(9,(8,46))),(((23,45),((((42,35),(48,(((22,24),43),32))),(3,1)),(19,21))),((13,39),(((((31,11),(47,14)),(41,25)),(17,34)),(38,33))))))
Adding leaf 7	(44/51)
gene_trees: 1000
current_gene_trees: 1000
finding best sibling
(((((36,44),(30,27)),(20,37)),(((16,(26,(40,50))),(28,2)),0)),(((15,4),(9,(8,46))),(((23,45),((((42,35),(48,(((22,24),43),32))),(3,1)),(19,21))),((13,39),(((((31,11),(47,14)),(41,25)),(17,34)),(38,(33,49)))))))
Adding leaf 6	(45/51)
gene_trees: 1000
current_gene_trees: 1000
finding best sibling
(((((36,44),(30,27)),(20,37)),(((16,(26,(40,50))),(28,2)),0)),(((15,4),(9,(8,46))),(((23,45),((((42,35),(48,(((22,24),43),32))),(3,1)),(19,21))),((13,39),(((((31,11),(47,14)),(41,25)),(17,34)),((33,49),(38,29)))))))
Adding leaf 5	(46/51)
gene_trees: 1000
current_gene_trees: 1000
finding best sibling
(((((36,44),(30,27)),(20,37)),(((16,(26,(40,50))),(28,2)),0)),(((15,4),(9,(8,46))),(((23,45),((((42,35),(48,(((22,24),43),32))),(3,1)),(19,21))),((13,39),(((((31,11),(47,14)),(41,25)),(17,34)),((33,49),(38,(29,6))))))))
Adding leaf 4	(47/51)
gene_trees: 1000
current_gene_trees: 1000
finding best sibling
(((((36,44),(30,27)),(20,37)),(((16,(26,(40,50))),(28,2)),0)),(((15,4),(9,(8,46))),(((23,45),((((42,35),(48,(((22,24),43),32))),(3,1)),(19,21))),((13,39),(((((31,11),(47,14)),(41,25)),(17,34)),((33,49),((29,6),(38,18))))))))
Adding leaf 3	(48/51)
gene_trees: 1000
current_gene_trees: 1000
finding best sibling
(((((36,44),(30,27)),(20,37)),(((16,(26,(40,50))),(28,2)),0)),(((15,4),(9,(8,46))),(((23,45),((((42,35),(48,(((22,24),43),32))),(3,1)),(19,21))),((13,39),(((((31,11),(47,14)),(41,25)),(17,34)),((33,49),((29,(6,10)),(38,18))))))))
Adding leaf 2	(49/51)
gene_trees: 1000
current_gene_trees: 1000
finding best sibling
(((((36,44),(30,27)),(37,(20,7))),(((16,(26,(40,50))),(28,2)),0)),(((15,4),(9,(8,46))),(((23,45),((((42,35),(48,(((22,24),43),32))),(3,1)),(19,21))),((13,39),(((((31,11),(47,14)),(41,25)),(17,34)),((33,49),((29,(6,10)),(38,18))))))))
Adding leaf 1	(50/51)
gene_trees: 1000
current_gene_trees: 1000
finding best sibling
(((((36,44),(30,27)),(37,(20,7))),(((16,(26,(40,50))),(28,2)),0)),(((15,4),(9,(8,46))),(((23,45),((((42,35),(48,(((22,24),43),32))),(3,1)),(19,21))),((13,39),(((((31,11),(47,14)),(41,25)),(17,34)),((33,49),(((6,10),(29,5)),(38,18))))))))
Adding leaf 0	(51/51)
gene_trees: 1000
current_gene_trees: 1000
finding best sibling
(((((36,44),((30,27),12)),(37,(20,7))),(((16,(26,(40,50))),(28,2)),0)),(((15,4),(9,(8,46))),(((23,45),((((42,35),(48,(((22,24),43),32))),(3,1)),(19,21))),((13,39),(((((31,11),(47,14)),(41,25)),(17,34)),((33,49),(((6,10),(29,5)),(38,18))))))))

Initial Supertree: (((((36,44),((30,27),12)),(37,(20,7))),(((16,(26,(40,50))),(28,2)),0)),(((15,4),(9,(8,46))),(((23,45),((((42,35),(48,(((22,24),43),32))),(3,1)),(19,21))),((13,39),(((((31,11),(47,14)),(41,25)),(17,34)),((33,49),(((6,10),(29,5)),(38,18))))))))
Total Distance: 14326
finding bipartition support
1/101 2/101 3/101 4/101 5/101 6/101 7/101 8/101 9/101 10/101